Build started 12/5/2016 9:37:51 PM.
     1>Project "E:\IVC Final\CS585_lab6_solution\CS585_lab6\CS585_lab6.vcxproj" on node 2 (Build target(s)).
     1>ClCompile:
         C:\Program Files (x86)\Microsoft Visual Studio 12.0\VC\bin\CL.exe /c /IC:\opencv\build\include /Zi /nologo /W3 /WX- /sdl /O2 /Oi /Oy- /GL /D WIN32 /D NDEBUG /D _CONSOLE /D _LIB /D _UNICODE /D UNICODE /Gm- /EHsc /MTd /GS /Gy /fp:precise /Zc:wchar_t /Zc:forScope /Fo"Release\\" /Fd"Release\vc120.pdb" /Gd /TP /analyze- /errorReport:prompt calVelocity.cpp CornerDetection.cpp HungarianAlg.cpp Kalman.cpp LatestPointCatcher.cpp main.cpp testingFunctions.cpp tracker.cpp track_vector.cpp
         calVelocity.cpp
     1>calVelocity.cpp(9): warning C4018: '<' : signed/unsigned mismatch
     1>calVelocity.cpp(32): warning C4244: '=' : conversion from 'double' to 'int', possible loss of data
     1>calVelocity.cpp(33): warning C4244: '=' : conversion from 'double' to 'int', possible loss of data
     1>calVelocity.cpp(35): warning C4244: '=' : conversion from 'float' to 'int', possible loss of data
         CornerDetection.cpp
     1>CornerDetection.cpp(42): warning C4018: '<' : signed/unsigned mismatch
     1>CornerDetection.cpp(45): warning C4018: '<' : signed/unsigned mismatch
     1>CornerDetection.cpp(69): warning C4018: '<' : signed/unsigned mismatch
     1>CornerDetection.cpp(72): warning C4018: '<' : signed/unsigned mismatch
         HungarianAlg.cpp
         Kalman.cpp
         LatestPointCatcher.cpp
     1>LatestPointCatcher.cpp(15): warning C4018: '<' : signed/unsigned mismatch
     1>LatestPointCatcher.cpp(25): warning C4018: '<' : signed/unsigned mismatch
         main.cpp
     1>main.cpp(51): warning C4305: 'argument' : truncation from 'double' to 'float'
     1>main.cpp(52): warning C4305: 'argument' : truncation from 'double' to 'float'
         testingFunctions.cpp
     1>testingFunctions.cpp(6): warning C4018: '<' : signed/unsigned mismatch
     1>testingFunctions.cpp(19): warning C4018: '<' : signed/unsigned mismatch
     1>testingFunctions.cpp(41): warning C4018: '<' : signed/unsigned mismatch
     1>testingFunctions.cpp(44): warning C4018: '<' : signed/unsigned mismatch
     1>testingFunctions.cpp(60): warning C4018: '<' : signed/unsigned mismatch
     1>testingFunctions.cpp(63): warning C4018: '<' : signed/unsigned mismatch
     1>testingFunctions.cpp(69): warning C4018: '<' : signed/unsigned mismatch
     1>testingFunctions.cpp(103): warning C4018: '<' : signed/unsigned mismatch
     1>testingFunctions.cpp(116): warning C4018: '<' : signed/unsigned mismatch
     1>testingFunctions.cpp(131): warning C4018: '<' : signed/unsigned mismatch
     1>testingFunctions.cpp(144): warning C4018: '<' : signed/unsigned mismatch
     1>testingFunctions.cpp(177): warning C4018: '<' : signed/unsigned mismatch
         tracker.cpp
     1>tracker.cpp(26): warning C4018: '>' : signed/unsigned mismatch
         track_vector.cpp
     1>track_vector.cpp(14): warning C4018: '<' : signed/unsigned mismatch
     1>track_vector.cpp(46): warning C4018: '<' : signed/unsigned mismatch
     1>track_vector.cpp(48): warning C4305: 'argument' : truncation from 'double' to 'float'
     1>track_vector.cpp(72): warning C4018: '<' : signed/unsigned mismatch
     1>track_vector.cpp(97): warning C4018: '<' : signed/unsigned mismatch
     1>track_vector.cpp(113): warning C4305: 'argument' : truncation from 'double' to 'float'
     1>track_vector.cpp(118): warning C4018: '<' : signed/unsigned mismatch
       Link:
         C:\Program Files (x86)\Microsoft Visual Studio 12.0\VC\bin\link.exe /ERRORREPORT:PROMPT /OUT:"E:\IVC Final\CS585_lab6_solution\Release\CTracker.exe" /INCREMENTAL:NO /NOLOGO /LIBPATH:C:\opencv\build\x64\vc14\lib opencv_world310d.lib kernel32.lib user32.lib gdi32.lib winspool.lib comdlg32.lib advapi32.lib shell32.lib ole32.lib oleaut32.lib uuid.lib odbc32.lib odbccp32.lib /MANIFEST /MANIFESTUAC:"level='asInvoker' uiAccess='false'" /manifest:embed /DEBUG /PDB:"E:\IVC Final\CS585_lab6_solution\Release\CTracker.pdb" /SUBSYSTEM:CONSOLE /OPT:REF /OPT:ICF /LTCG /TLBID:1 /DYNAMICBASE /NXCOMPAT /IMPLIB:"E:\IVC Final\CS585_lab6_solution\Release\CTracker.lib" /MACHINE:X86 /SAFESEH Release\calVelocity.obj
         Release\CornerDetection.obj
         Release\HungarianAlg.obj
         Release\Kalman.obj
         Release\LatestPointCatcher.obj
         Release\main.obj
         Release\testingFunctions.obj
         Release\tracker.obj
         Release\track_vector.obj
     1>opencv_world310d.lib(opencv_world310d.dll) : fatal error LNK1112: module machine type 'x64' conflicts with target machine type 'X86'
     1>Done Building Project "E:\IVC Final\CS585_lab6_solution\CS585_lab6\CS585_lab6.vcxproj" (Build target(s)) -- FAILED.

Build FAILED.

Time Elapsed 00:00:12.11
